<?xml version="1.0" encoding="UTF-8"?>
<testng-results skipped="0" failed="0" total="1" passed="1">
  <reporter-output>
  </reporter-output>
  <suite name="Default suite" duration-ms="2979" started-at="2019-07-02T06:34:13Z" finished-at="2019-07-02T06:34:16Z">
    <groups>
    </groups>
    <test name="Default test" duration-ms="2979" started-at="2019-07-02T06:34:13Z" finished-at="2019-07-02T06:34:16Z">
      <class name="com.qa.tests.PostApiTest">
        <test-method status="PASS" signature="setUp()[pri:0, instance:com.qa.tests.PostApiTest@33a10788]" name="setUp" is-config="true" duration-ms="5" started-at="2019-07-02T14:34:13Z" finished-at="2019-07-02T14:34:13Z">
          <reporter-output>
          </reporter-output>
        </test-method> <!-- setUp -->
        <test-method status="PASS" signature="postApiTest()[pri:0, instance:com.qa.tests.PostApiTest@33a10788]" name="postApiTest" duration-ms="2966" started-at="2019-07-02T14:34:13Z" finished-at="2019-07-02T14:34:16Z">
          <reporter-output>
          </reporter-output>
        </test-method> <!-- postApiTest -->
      </class> <!-- com.qa.tests.PostApiTest -->
    </test> <!-- Default test -->
  </suite> <!-- Default suite -->
</testng-results>
